09:39:18.466 [main] INFO  com.fxdigital.Application - Starting Application on fx-PC with PID 7176 (C:\Users\fx\Desktop\upgradeServer\out\production\classes started by fx in C:\Users\fx\Desktop\upgradeServer)
09:39:18.468 [main] INFO  com.fxdigital.Application - No active profile set, falling back to default profiles: default
09:39:18.502 [main] INFO  o.s.b.c.e.AnnotationConfigEmbeddedWebApplicationContext - Refreshing org.springframework.boot.context.embedded.AnnotationConfigEmbeddedWebApplicationContext@691a7f8f: startup date [Wed Apr 24 09:39:18 CST 2019]; root of context hierarchy
09:39:18.589 [background-preinit] INFO  o.h.validator.internal.util.Version - HV000001: Hibernate Validator 5.3.5.Final
09:39:19.341 [main] INFO  o.s.b.c.e.t.TomcatEmbeddedServletContainer - Tomcat initialized with port(s): 447 (https) 6061 (http)
09:39:19.346 [main] INFO  o.a.catalina.core.StandardService - Starting service [Tomcat]
09:39:19.346 [main] INFO  o.a.catalina.core.StandardEngine - Starting Servlet Engine: Apache Tomcat/8.5.16
09:39:19.407 [localhost-startStop-1] INFO  o.a.c.c.C.[Tomcat].[localhost].[/] - Initializing Spring embedded WebApplicationContext
09:39:19.407 [localhost-startStop-1] INFO  o.s.web.context.ContextLoader - Root WebApplicationContext: initialization completed in 905 ms
09:39:19.483 [localhost-startStop-1] INFO  o.s.b.w.s.ServletRegistrationBean - Mapping servlet: 'dispatcherServlet' to [/]
09:39:19.484 [localhost-startStop-1] INFO  o.s.b.w.s.FilterRegistrationBean - Mapping filter: 'characterEncodingFilter' to: [/*]
09:39:19.485 [localhost-startStop-1] INFO  o.s.b.w.s.FilterRegistrationBean - Mapping filter: 'hiddenHttpMethodFilter' to: [/*]
09:39:19.485 [localhost-startStop-1] INFO  o.s.b.w.s.FilterRegistrationBean - Mapping filter: 'httpPutFormContentFilter' to: [/*]
09:39:19.485 [localhost-startStop-1] INFO  o.s.b.w.s.FilterRegistrationBean - Mapping filter: 'requestContextFilter' to: [/*]
09:39:19.516 [MLog-Init-Reporter] INFO  com.mchange.v2.log.MLog - MLog clients using slf4j logging.
09:39:19.531 [main] INFO  com.mchange.v2.c3p0.C3P0Registry - Initializing c3p0-0.9.5 [built 02-January-2015 13:25:04 -0500; debug? true; trace: 10]
09:39:19.749 [main] INFO  o.s.w.s.m.m.a.RequestMappingHandlerAdapter - Looking for @ControllerAdvice: org.springframework.boot.context.embedded.AnnotationConfigEmbeddedWebApplicationContext@691a7f8f: startup date [Wed Apr 24 09:39:18 CST 2019]; root of context hierarchy
09:39:19.777 [main] INFO  o.s.w.s.m.m.a.RequestMappingHandlerMapping - Mapped "{[/fxrest/v5/upgradePackage/downloadPackage/{packageName}/{productType}],methods=[GET]}" onto public void com.fxdigital.controller.DownloadController.getAllPackageInfosForPage(java.lang.String,java.lang.String,javax.servlet.http.HttpServletRequest,javax.servlet.http.HttpServletResponse)
09:39:19.779 [main] INFO  o.s.w.s.m.m.a.RequestMappingHandlerMapping - Mapped "{[/fxrest/v5/upgradePackage/packages],methods=[POST]}" onto public java.lang.String com.fxdigital.controller.MainController.getAllPackageInfosForPage(java.util.Map<java.lang.String, java.lang.Object>)
09:39:19.779 [main] INFO  o.s.w.s.m.m.a.RequestMappingHandlerMapping - Mapped "{[/fxrest/v5/upgradePackage/getProductionTypes],methods=[GET]}" onto public java.util.List<com.fxdigital.bean.ProductType> com.fxdigital.controller.MainController.getProductionTypes()
09:39:19.779 [main] INFO  o.s.w.s.m.m.a.RequestMappingHandlerMapping - Mapped "{[/fxrest/v5/upgradePackage/packages/{productType}],methods=[POST]}" onto public java.lang.String com.fxdigital.controller.MainController.getPackageInfosByProductType(java.util.Map<java.lang.String, java.lang.Object>,java.lang.String)
09:39:19.779 [main] INFO  o.s.w.s.m.m.a.RequestMappingHandlerMapping - Mapped "{[/fxrest/v5/upgradePackage/packages/{productType}/{versionNum}],methods=[POST]}" onto public java.lang.String com.fxdigital.controller.MainController.deletePackageInfo(java.util.Map<java.lang.String, java.lang.Object>,java.lang.String,java.lang.String)
09:39:19.779 [main] INFO  o.s.w.s.m.m.a.RequestMappingHandlerMapping - Mapped "{[/fxrest/v5/upgradePackage/UpgradePackageUpload/{obj}],methods=[POST]}" onto public java.lang.String com.fxdigital.controller.MainController.UpgradePackageUpload(org.springframework.web.multipart.MultipartFile,java.lang.String)
09:39:19.781 [main] INFO  o.s.w.s.m.m.a.RequestMappingHandlerMapping - Mapped "{[/error]}" onto public org.springframework.http.ResponseEntity<java.util.Map<java.lang.String, java.lang.Object>> org.springframework.boot.autoconfigure.web.BasicErrorController.error(javax.servlet.http.HttpServletRequest)
09:39:19.781 [main] INFO  o.s.w.s.m.m.a.RequestMappingHandlerMapping - Mapped "{[/error],produces=[text/html]}" onto public org.springframework.web.servlet.ModelAndView org.springframework.boot.autoconfigure.web.BasicErrorController.errorHtml(javax.servlet.http.HttpServletRequest,javax.servlet.http.HttpServletResponse)
09:39:19.796 [main] INFO  o.s.w.s.h.SimpleUrlHandlerMapping - Mapped URL path [/webjars/**] onto handler of type [class org.springframework.web.servlet.resource.ResourceHttpRequestHandler]
09:39:19.796 [main] INFO  o.s.w.s.h.SimpleUrlHandlerMapping - Mapped URL path [/**] onto handler of type [class org.springframework.web.servlet.resource.ResourceHttpRequestHandler]
09:39:19.815 [main] INFO  o.s.w.s.h.SimpleUrlHandlerMapping - Mapped URL path [/**/favicon.ico] onto handler of type [class org.springframework.web.servlet.resource.ResourceHttpRequestHandler]
09:39:19.825 [main] INFO  o.s.b.a.w.WebMvcAutoConfiguration$WelcomePageHandlerMapping - Adding welcome page: class path resource [static/index.html]
09:39:19.918 [main] INFO  o.s.j.e.a.AnnotationMBeanExporter - Registering beans for JMX exposure on startup
09:39:19.928 [main] INFO  o.a.coyote.http11.Http11NioProtocol - Initializing ProtocolHandler ["https-jsse-nio-447"]
09:39:19.933 [main] INFO  o.a.coyote.http11.Http11NioProtocol - Starting ProtocolHandler ["https-jsse-nio-447"]
09:39:20.106 [main] INFO  o.a.tomcat.util.net.NioSelectorPool - Using a shared selector for servlet write/read
09:39:20.114 [main] INFO  o.a.coyote.http11.Http11NioProtocol - Initializing ProtocolHandler ["http-nio-6061"]
09:39:20.116 [main] INFO  o.a.tomcat.util.net.NioSelectorPool - Using a shared selector for servlet write/read
09:39:20.116 [main] INFO  o.a.coyote.http11.Http11NioProtocol - Starting ProtocolHandler ["http-nio-6061"]
09:39:20.122 [main] INFO  o.s.b.c.e.t.TomcatEmbeddedServletContainer - Tomcat started on port(s): 447 (https) 6061 (http)
09:39:20.125 [main] INFO  com.fxdigital.Application - Started Application in 1.828 seconds (JVM running for 2.259)
09:41:31.398 [http-nio-6061-exec-1] INFO  o.a.coyote.http11.Http11Processor - Error parsing HTTP request header
 Note: further occurrences of HTTP header parsing errors will be logged at DEBUG level.
java.lang.IllegalArgumentException: Invalid character found in method name. HTTP method names must be tokens
	at org.apache.coyote.http11.Http11InputBuffer.parseRequestLine(Http11InputBuffer.java:422)
	at org.apache.coyote.http11.Http11Processor.service(Http11Processor.java:683)
	at org.apache.coyote.AbstractProcessorLight.process(AbstractProcessorLight.java:66)
	at org.apache.coyote.AbstractProtocol$ConnectionHandler.process(AbstractProtocol.java:868)
	at org.apache.tomcat.util.net.NioEndpoint$SocketProcessor.doRun(NioEndpoint.java:1455)
	at org.apache.tomcat.util.net.SocketProcessorBase.run(SocketProcessorBase.java:49)
	at java.util.concurrent.ThreadPoolExecutor.runWorker(ThreadPoolExecutor.java:1142)
	at java.util.concurrent.ThreadPoolExecutor$Worker.run(ThreadPoolExecutor.java:617)
	at org.apache.tomcat.util.threads.TaskThread$WrappingRunnable.run(TaskThread.java:61)
	at java.lang.Thread.run(Thread.java:745)
09:41:36.472 [https-jsse-nio-447-exec-10] INFO  o.a.c.c.C.[Tomcat].[localhost].[/] - Initializing Spring FrameworkServlet 'dispatcherServlet'
09:41:36.472 [https-jsse-nio-447-exec-10] INFO  o.s.web.servlet.DispatcherServlet - FrameworkServlet 'dispatcherServlet': initialization started
09:41:36.480 [https-jsse-nio-447-exec-10] INFO  o.s.web.servlet.DispatcherServlet - FrameworkServlet 'dispatcherServlet': initialization completed in 8 ms
09:41:41.948 [https-jsse-nio-447-exec-4] INFO  c.f.controller.MainController - 请求获取所有产品类型信息
09:41:41.948 [https-jsse-nio-447-exec-4] INFO  c.f.service.impl.MainServiceImpl - 【主服务】==进入获取所有设备类型的服务
09:41:41.953 [https-jsse-nio-447-exec-4] INFO  c.f.d.impl.UpgradePackageInfoDaoImpl - 查询所有的设备类型sql=select typeCode,typeName from VIMS.DICT_PRODUCTTYPE_TAB
09:41:41.967 [https-jsse-nio-447-exec-6] INFO  c.f.controller.MainController - 请求获取表格显示需要内容==pageSize5;pageIndex=1
09:41:41.967 [https-jsse-nio-447-exec-6] INFO  c.f.service.impl.MainServiceImpl - 【主服务】==进入获取分页数据的服务
09:41:41.967 [https-jsse-nio-447-exec-6] INFO  c.f.d.impl.UpgradePackageInfoDaoImpl - 查询所有的升级包信息sql=select a.typeName as productType,b.versionNum,b.packageSize,b.packageName,b.uploadPath,b.uploadTime,b.downloadTimes,b.packageDesc,b.versionDesc from VIMS.UPGRADE_PACKAGE_INFO as b,VIMS.DICT_PRODUCTTYPE_TAB as a where a.typeCode=b.productType
09:41:41.977 [https-jsse-nio-447-exec-4] INFO  c.m.v.c.i.AbstractPoolBackedDataSource - Initializing c3p0 pool... com.mchange.v2.c3p0.ComboPooledDataSource [ acquireIncrement -> 3, acquireRetryAttempts -> 30, acquireRetryDelay -> 1000, autoCommitOnClose -> false, automaticTestTable -> null, breakAfterAcquireFailure -> false, checkoutTimeout -> 0, connectionCustomizerClassName -> null, connectionTesterClassName -> com.mchange.v2.c3p0.impl.DefaultConnectionTester, contextClassLoaderSource -> caller, dataSourceName -> 1hge1t1a2ld3q07i4tq91|a50b09c, debugUnreturnedConnectionStackTraces -> false, description -> null, driverClass -> dm.jdbc.driver.DmDriver, extensions -> {}, factoryClassLocation -> null, forceIgnoreUnresolvedTransactions -> false, forceUseNamedDriverClass -> false, identityToken -> 1hge1t1a2ld3q07i4tq91|a50b09c, idleConnectionTestPeriod -> 0, initialPoolSize -> 3, jdbcUrl -> jdbc:dm://192.168.10.111:5236/vims, maxAdministrativeTaskTime -> 0, maxConnectionAge -> 0, maxIdleTime -> 600, maxIdleTimeExcessConnections -> 0, maxPoolSize -> 3, maxStatements -> 0, maxStatementsPerConnection -> 0, minPoolSize -> 0, numHelperThreads -> 3, preferredTestQuery -> null, privilegeSpawnedThreads -> false, properties -> {user=******, password=******}, propertyCycle -> 0, statementCacheNumDeferredCloseThreads -> 0, testConnectionOnCheckin -> false, testConnectionOnCheckout -> false, unreturnedConnectionTimeout -> 0, userOverrides -> {}, usesTraditionalReflectiveProxies -> false ]
09:41:42.111 [https-jsse-nio-447-exec-4] INFO  c.f.service.impl.MainServiceImpl - 【主服务】==进入获取所有设备类型的服务：[com.fxdigital.bean.ProductType@3d446aba, com.fxdigital.bean.ProductType@31db8007, com.fxdigital.bean.ProductType@370cdc25, com.fxdigital.bean.ProductType@614e7ccb, com.fxdigital.bean.ProductType@7fc1cbe2, com.fxdigital.bean.ProductType@1277a7a5, com.fxdigital.bean.ProductType@43cbbc3a, com.fxdigital.bean.ProductType@51f138ac]
09:41:42.112 [https-jsse-nio-447-exec-6] INFO  c.f.d.impl.UpgradePackageInfoDaoImpl - 查询分页升级包信息sql=select a.typeName as productType,b.versionNum,b.packageSize,b.packageName,b.uploadPath,b.uploadTime,b.downloadTimes,b.packageDesc,b.versionDesc from VIMS.UPGRADE_PACKAGE_INFO as b,VIMS.DICT_PRODUCTTYPE_TAB as a where a.typeCode=b.productType limit 0,5
09:41:42.153 [https-jsse-nio-447-exec-6] INFO  c.f.service.impl.MainServiceImpl - 【主服务】==分页数据={"rows":[{"downloadTimes":5,"packageDesc":"zzz","packageName":"自定义数据.txt","packageSize":2,"productType":"IPVT-01","uploadPath":"E:\\workspace\\自定义数据.txt","uploadTime":1556019379778,"versionDesc":"1","versionNum":1},{"downloadTimes":0,"packageDesc":"dd","packageName":"VideoPhone.java","packageSize":51,"productType":"IPVT-01","uploadPath":"E:\\workspace\\VideoPhone.java","uploadTime":1556019993153,"versionDesc":"1","versionNum":2}],"total":2}
09:41:58.506 [https-jsse-nio-447-exec-1] INFO  c.f.controller.MainController - 请求按产品类型查询升级包信息,productType:IPVT-01,pageSize:5,pageIndex:1
09:41:58.507 [https-jsse-nio-447-exec-1] INFO  c.f.service.impl.MainServiceImpl - 【主服务】==进入根据设备类型获取分页数据的服务
09:41:58.507 [https-jsse-nio-447-exec-1] INFO  c.f.d.impl.UpgradePackageInfoDaoImpl - 查询某个设备类型所有升级包信息sql=select a.typeName as productType,b.versionNum,b.packageSize,b.packageName,b.uploadPath,b.uploadTime,b.downloadTimes,b.packageDesc,b.versionDesc from VIMS.UPGRADE_PACKAGE_INFO as b,VIMS.DICT_PRODUCTTYPE_TAB as a where a.typeCode=b.productType and b.productType=?
09:41:58.525 [https-jsse-nio-447-exec-1] INFO  c.f.d.impl.UpgradePackageInfoDaoImpl - 查询某个设备类型分页升级包信息sql=select a.typeName as productType,b.versionNum,b.packageSize,b.packageName,b.uploadPath,b.uploadTime,b.downloadTimes,b.packageDesc,b.versionDesc from VIMS.UPGRADE_PACKAGE_INFO as b,VIMS.DICT_PRODUCTTYPE_TAB as a where a.typeCode=b.productType and b.productType=? limit 0,5
09:41:58.531 [https-jsse-nio-447-exec-1] INFO  c.f.service.impl.MainServiceImpl - 【主服务】==根据设备类型获取分页数据={"rows":[{"downloadTimes":5,"packageDesc":"zzz","packageName":"自定义数据.txt","packageSize":2,"productType":"IPVT-01","uploadPath":"E:\\workspace\\自定义数据.txt","uploadTime":1556019379778,"versionDesc":"1","versionNum":1},{"downloadTimes":0,"packageDesc":"dd","packageName":"VideoPhone.java","packageSize":51,"productType":"IPVT-01","uploadPath":"E:\\workspace\\VideoPhone.java","uploadTime":1556019993153,"versionDesc":"1","versionNum":2}],"total":2}
09:54:07.207 [main] INFO  com.fxdigital.Application - Starting Application on fx-PC with PID 7020 (C:\Users\fx\Desktop\upgradeServer\out\production\classes started by fx in C:\Users\fx\Desktop\upgradeServer)
09:54:07.209 [main] INFO  com.fxdigital.Application - No active profile set, falling back to default profiles: default
09:54:07.323 [main] INFO  o.s.b.c.e.AnnotationConfigEmbeddedWebApplicationContext - Refreshing org.springframework.boot.context.embedded.AnnotationConfigEmbeddedWebApplicationContext@691a7f8f: startup date [Wed Apr 24 09:54:07 CST 2019]; root of context hierarchy
09:54:07.438 [background-preinit] INFO  o.h.validator.internal.util.Version - HV000001: Hibernate Validator 5.3.5.Final
09:54:08.166 [main] INFO  o.s.b.c.e.t.TomcatEmbeddedServletContainer - Tomcat initialized with port(s): 447 (https) 6061 (http)
09:54:08.171 [main] INFO  o.a.catalina.core.StandardService - Starting service [Tomcat]
09:54:08.171 [main] INFO  o.a.catalina.core.StandardEngine - Starting Servlet Engine: Apache Tomcat/8.5.16
09:54:08.238 [localhost-startStop-1] INFO  o.a.c.c.C.[Tomcat].[localhost].[/] - Initializing Spring embedded WebApplicationContext
09:54:08.239 [localhost-startStop-1] INFO  o.s.web.context.ContextLoader - Root WebApplicationContext: initialization completed in 916 ms
09:54:08.307 [localhost-startStop-1] INFO  o.s.b.w.s.ServletRegistrationBean - Mapping servlet: 'dispatcherServlet' to [/]
09:54:08.309 [localhost-startStop-1] INFO  o.s.b.w.s.FilterRegistrationBean - Mapping filter: 'characterEncodingFilter' to: [/*]
09:54:08.309 [localhost-startStop-1] INFO  o.s.b.w.s.FilterRegistrationBean - Mapping filter: 'hiddenHttpMethodFilter' to: [/*]
09:54:08.309 [localhost-startStop-1] INFO  o.s.b.w.s.FilterRegistrationBean - Mapping filter: 'httpPutFormContentFilter' to: [/*]
09:54:08.309 [localhost-startStop-1] INFO  o.s.b.w.s.FilterRegistrationBean - Mapping filter: 'requestContextFilter' to: [/*]
09:54:08.341 [MLog-Init-Reporter] INFO  com.mchange.v2.log.MLog - MLog clients using slf4j logging.
09:54:08.356 [main] INFO  com.mchange.v2.c3p0.C3P0Registry - Initializing c3p0-0.9.5 [built 02-January-2015 13:25:04 -0500; debug? true; trace: 10]
09:54:08.596 [main] INFO  o.s.w.s.m.m.a.RequestMappingHandlerAdapter - Looking for @ControllerAdvice: org.springframework.boot.context.embedded.AnnotationConfigEmbeddedWebApplicationContext@691a7f8f: startup date [Wed Apr 24 09:54:07 CST 2019]; root of context hierarchy
09:54:08.625 [main] INFO  o.s.w.s.m.m.a.RequestMappingHandlerMapping - Mapped "{[/fxrest/v5/upgradePackage/downloadPackage/{packageName}/{productType}],methods=[GET]}" onto public void com.fxdigital.controller.DownloadController.getAllPackageInfosForPage(java.lang.String,java.lang.String,javax.servlet.http.HttpServletRequest,javax.servlet.http.HttpServletResponse)
09:54:08.627 [main] INFO  o.s.w.s.m.m.a.RequestMappingHandlerMapping - Mapped "{[/fxrest/v5/upgradePackage/packages],methods=[POST]}" onto public java.lang.String com.fxdigital.controller.MainController.getAllPackageInfosForPage(java.util.Map<java.lang.String, java.lang.Object>)
09:54:08.627 [main] INFO  o.s.w.s.m.m.a.RequestMappingHandlerMapping - Mapped "{[/fxrest/v5/upgradePackage/getProductionTypes],methods=[GET]}" onto public java.util.List<com.fxdigital.bean.ProductType> com.fxdigital.controller.MainController.getProductionTypes()
09:54:08.627 [main] INFO  o.s.w.s.m.m.a.RequestMappingHandlerMapping - Mapped "{[/fxrest/v5/upgradePackage/packages/{productType}],methods=[POST]}" onto public java.lang.String com.fxdigital.controller.MainController.getPackageInfosByProductType(java.util.Map<java.lang.String, java.lang.Object>,java.lang.String)
09:54:08.627 [main] INFO  o.s.w.s.m.m.a.RequestMappingHandlerMapping - Mapped "{[/fxrest/v5/upgradePackage/packages/{productType}/{versionNum}],methods=[POST]}" onto public java.lang.String com.fxdigital.controller.MainController.deletePackageInfo(java.util.Map<java.lang.String, java.lang.Object>,java.lang.String,java.lang.String)
09:54:08.627 [main] INFO  o.s.w.s.m.m.a.RequestMappingHandlerMapping - Mapped "{[/fxrest/v5/upgradePackage/UpgradePackageUpload/{obj}],methods=[POST]}" onto public java.lang.String com.fxdigital.controller.MainController.UpgradePackageUpload(org.springframework.web.multipart.MultipartFile,java.lang.String)
09:54:08.629 [main] INFO  o.s.w.s.m.m.a.RequestMappingHandlerMapping - Mapped "{[/error]}" onto public org.springframework.http.ResponseEntity<java.util.Map<java.lang.String, java.lang.Object>> org.springframework.boot.autoconfigure.web.BasicErrorController.error(javax.servlet.http.HttpServletRequest)
09:54:08.629 [main] INFO  o.s.w.s.m.m.a.RequestMappingHandlerMapping - Mapped "{[/error],produces=[text/html]}" onto public org.springframework.web.servlet.ModelAndView org.springframework.boot.autoconfigure.web.BasicErrorController.errorHtml(javax.servlet.http.HttpServletRequest,javax.servlet.http.HttpServletResponse)
09:54:08.645 [main] INFO  o.s.w.s.h.SimpleUrlHandlerMapping - Mapped URL path [/webjars/**] onto handler of type [class org.springframework.web.servlet.resource.ResourceHttpRequestHandler]
09:54:08.645 [main] INFO  o.s.w.s.h.SimpleUrlHandlerMapping - Mapped URL path [/**] onto handler of type [class org.springframework.web.servlet.resource.ResourceHttpRequestHandler]
09:54:08.665 [main] INFO  o.s.w.s.h.SimpleUrlHandlerMapping - Mapped URL path [/**/favicon.ico] onto handler of type [class org.springframework.web.servlet.resource.ResourceHttpRequestHandler]
09:54:08.677 [main] INFO  o.s.b.a.w.WebMvcAutoConfiguration$WelcomePageHandlerMapping - Adding welcome page: class path resource [static/index.html]
09:54:08.784 [main] INFO  o.s.j.e.a.AnnotationMBeanExporter - Registering beans for JMX exposure on startup
09:54:08.795 [main] INFO  o.a.coyote.http11.Http11NioProtocol - Initializing ProtocolHandler ["https-jsse-nio-447"]
09:54:08.800 [main] INFO  o.a.coyote.http11.Http11NioProtocol - Starting ProtocolHandler ["https-jsse-nio-447"]
09:54:08.970 [main] INFO  o.a.tomcat.util.net.NioSelectorPool - Using a shared selector for servlet write/read
09:54:08.980 [main] INFO  o.a.coyote.http11.Http11NioProtocol - Initializing ProtocolHandler ["http-nio-6061"]
09:54:08.981 [main] INFO  o.a.tomcat.util.net.NioSelectorPool - Using a shared selector for servlet write/read
09:54:08.981 [main] INFO  o.a.coyote.http11.Http11NioProtocol - Starting ProtocolHandler ["http-nio-6061"]
09:54:08.988 [main] INFO  o.s.b.c.e.t.TomcatEmbeddedServletContainer - Tomcat started on port(s): 447 (https) 6061 (http)
09:54:08.990 [main] INFO  com.fxdigital.Application - Started Application in 1.923 seconds (JVM running for 2.377)
09:54:13.849 [https-jsse-nio-447-exec-3] INFO  o.a.c.c.C.[Tomcat].[localhost].[/] - Initializing Spring FrameworkServlet 'dispatcherServlet'
09:54:13.849 [https-jsse-nio-447-exec-3] INFO  o.s.web.servlet.DispatcherServlet - FrameworkServlet 'dispatcherServlet': initialization started
09:54:13.857 [https-jsse-nio-447-exec-3] INFO  o.s.web.servlet.DispatcherServlet - FrameworkServlet 'dispatcherServlet': initialization completed in 8 ms
09:54:14.350 [https-jsse-nio-447-exec-3] INFO  c.f.controller.MainController - 请求获取所有产品类型信息
09:54:14.350 [https-jsse-nio-447-exec-3] INFO  c.f.service.impl.MainServiceImpl - 【主服务】==进入获取所有设备类型的服务
09:54:14.353 [https-jsse-nio-447-exec-3] INFO  c.f.d.impl.UpgradePackageInfoDaoImpl - 查询所有的设备类型sql=select typeCode,typeName from VIMS.DICT_PRODUCTTYPE_TAB
09:54:14.365 [https-jsse-nio-447-exec-2] INFO  c.f.controller.MainController - 请求获取表格显示需要内容==pageSize5;pageIndex=1
09:54:14.366 [https-jsse-nio-447-exec-2] INFO  c.f.service.impl.MainServiceImpl - 【主服务】==进入获取分页数据的服务
09:54:14.366 [https-jsse-nio-447-exec-2] INFO  c.f.d.impl.UpgradePackageInfoDaoImpl - 查询所有的升级包信息sql=select a.typeName as productType,b.versionNum,b.packageSize,b.packageName,b.uploadPath,b.uploadTime,b.downloadTimes,b.packageDesc,b.versionDesc from VIMS.UPGRADE_PACKAGE_INFO as b,VIMS.DICT_PRODUCTTYPE_TAB as a where a.typeCode=b.productType
09:54:14.375 [https-jsse-nio-447-exec-3] INFO  c.m.v.c.i.AbstractPoolBackedDataSource - Initializing c3p0 pool... com.mchange.v2.c3p0.ComboPooledDataSource [ acquireIncrement -> 3, acquireRetryAttempts -> 30, acquireRetryDelay -> 1000, autoCommitOnClose -> false, automaticTestTable -> null, breakAfterAcquireFailure -> false, checkoutTimeout -> 0, connectionCustomizerClassName -> null, connectionTesterClassName -> com.mchange.v2.c3p0.impl.DefaultConnectionTester, contextClassLoaderSource -> caller, dataSourceName -> 1hge1t1a2ldmrtr30ot4a|43ed0ff3, debugUnreturnedConnectionStackTraces -> false, description -> null, driverClass -> dm.jdbc.driver.DmDriver, extensions -> {}, factoryClassLocation -> null, forceIgnoreUnresolvedTransactions -> false, forceUseNamedDriverClass -> false, identityToken -> 1hge1t1a2ldmrtr30ot4a|43ed0ff3, idleConnectionTestPeriod -> 0, initialPoolSize -> 3, jdbcUrl -> jdbc:dm://192.168.10.111:5236/vims, maxAdministrativeTaskTime -> 0, maxConnectionAge -> 0, maxIdleTime -> 600, maxIdleTimeExcessConnections -> 0, maxPoolSize -> 3, maxStatements -> 0, maxStatementsPerConnection -> 0, minPoolSize -> 0, numHelperThreads -> 3, preferredTestQuery -> null, privilegeSpawnedThreads -> false, properties -> {user=******, password=******}, propertyCycle -> 0, statementCacheNumDeferredCloseThreads -> 0, testConnectionOnCheckin -> false, testConnectionOnCheckout -> false, unreturnedConnectionTimeout -> 0, userOverrides -> {}, usesTraditionalReflectiveProxies -> false ]
09:54:14.508 [https-jsse-nio-447-exec-3] INFO  c.f.service.impl.MainServiceImpl - 【主服务】==进入获取所有设备类型的服务：[com.fxdigital.bean.ProductType@77add1b9, com.fxdigital.bean.ProductType@4a608b9b, com.fxdigital.bean.ProductType@8bebfb5, com.fxdigital.bean.ProductType@8e0205d, com.fxdigital.bean.ProductType@11d918e1, com.fxdigital.bean.ProductType@5f2b7512, com.fxdigital.bean.ProductType@22953a55, com.fxdigital.bean.ProductType@2b7e1492]
09:54:14.509 [https-jsse-nio-447-exec-2] INFO  c.f.d.impl.UpgradePackageInfoDaoImpl - 查询分页升级包信息sql=select a.typeName as productType,b.versionNum,b.packageSize,b.packageName,b.uploadPath,b.uploadTime,b.downloadTimes,b.packageDesc,b.versionDesc from VIMS.UPGRADE_PACKAGE_INFO as b,VIMS.DICT_PRODUCTTYPE_TAB as a where a.typeCode=b.productType limit 0,5
09:54:14.549 [https-jsse-nio-447-exec-2] INFO  c.f.service.impl.MainServiceImpl - 【主服务】==分页数据={"rows":[{"downloadTimes":5,"packageDesc":"zzz","packageName":"自定义数据.txt","packageSize":2,"productType":"IPVT-01","uploadPath":"E:\\workspace\\自定义数据.txt","uploadTime":1556019379778,"uploadTimeDate":"2019-04-23 19:36:19","versionDesc":"1","versionNum":1},{"downloadTimes":0,"packageDesc":"dd","packageName":"VideoPhone.java","packageSize":51,"productType":"IPVT-01","uploadPath":"E:\\workspace\\VideoPhone.java","uploadTime":1556019993153,"uploadTimeDate":"2019-04-23 19:46:33","versionDesc":"1","versionNum":2}],"total":2}
09:54:43.285 [https-jsse-nio-447-exec-3] INFO  c.f.controller.MainController - 请求获取所有产品类型信息
09:54:43.285 [https-jsse-nio-447-exec-3] INFO  c.f.service.impl.MainServiceImpl - 【主服务】==进入获取所有设备类型的服务
09:54:43.285 [https-jsse-nio-447-exec-3] INFO  c.f.d.impl.UpgradePackageInfoDaoImpl - 查询所有的设备类型sql=select typeCode,typeName from VIMS.DICT_PRODUCTTYPE_TAB
09:54:43.290 [https-jsse-nio-447-exec-3] INFO  c.f.service.impl.MainServiceImpl - 【主服务】==进入获取所有设备类型的服务：[com.fxdigital.bean.ProductType@45475eed, com.fxdigital.bean.ProductType@677316f, com.fxdigital.bean.ProductType@70754f6, com.fxdigital.bean.ProductType@668e8831, com.fxdigital.bean.ProductType@19c1123b, com.fxdigital.bean.ProductType@2602a425, com.fxdigital.bean.ProductType@1b1fe4f7, com.fxdigital.bean.ProductType@94238a5]
09:54:43.318 [https-jsse-nio-447-exec-7] INFO  c.f.controller.MainController - 请求按产品类型查询升级包信息,productType:IPVT-01,pageSize:5,pageIndex:1
09:54:43.319 [https-jsse-nio-447-exec-7] INFO  c.f.service.impl.MainServiceImpl - 【主服务】==进入根据设备类型获取分页数据的服务
09:54:43.319 [https-jsse-nio-447-exec-7] INFO  c.f.d.impl.UpgradePackageInfoDaoImpl - 查询某个设备类型所有升级包信息sql=select a.typeName as productType,b.versionNum,b.packageSize,b.packageName,b.uploadPath,b.uploadTime,b.downloadTimes,b.packageDesc,b.versionDesc from VIMS.UPGRADE_PACKAGE_INFO as b,VIMS.DICT_PRODUCTTYPE_TAB as a where a.typeCode=b.productType and b.productType=?
09:54:43.333 [https-jsse-nio-447-exec-7] INFO  c.f.d.impl.UpgradePackageInfoDaoImpl - 查询某个设备类型分页升级包信息sql=select a.typeName as productType,b.versionNum,b.packageSize,b.packageName,b.uploadPath,b.uploadTime,b.downloadTimes,b.packageDesc,b.versionDesc from VIMS.UPGRADE_PACKAGE_INFO as b,VIMS.DICT_PRODUCTTYPE_TAB as a where a.typeCode=b.productType and b.productType=? limit 0,5
09:54:43.339 [https-jsse-nio-447-exec-7] INFO  c.f.service.impl.MainServiceImpl - 【主服务】==根据设备类型获取分页数据={"rows":[{"downloadTimes":5,"packageDesc":"zzz","packageName":"自定义数据.txt","packageSize":2,"productType":"IPVT-01","uploadPath":"E:\\workspace\\自定义数据.txt","uploadTime":1556019379778,"uploadTimeDate":"2019-04-23 19:36:19","versionDesc":"1","versionNum":1},{"downloadTimes":0,"packageDesc":"dd","packageName":"VideoPhone.java","packageSize":51,"productType":"IPVT-01","uploadPath":"E:\\workspace\\VideoPhone.java","uploadTime":1556019993153,"uploadTimeDate":"2019-04-23 19:46:33","versionDesc":"1","versionNum":2}],"total":2}
15:09:40.598 [main] INFO  com.fxdigital.Application - Starting Application on fx-PC with PID 15928 (C:\Users\fx\Desktop\upgradeServer\out\production\classes started by fx in C:\Users\fx\Desktop\upgradeServer)
15:09:40.610 [main] INFO  com.fxdigital.Application - No active profile set, falling back to default profiles: default
15:09:40.646 [main] INFO  o.s.b.c.e.AnnotationConfigEmbeddedWebApplicationContext - Refreshing org.springframework.boot.context.embedded.AnnotationConfigEmbeddedWebApplicationContext@780cb77: startup date [Wed Apr 24 15:09:40 CST 2019]; root of context hierarchy
15:09:40.867 [background-preinit] INFO  o.h.validator.internal.util.Version - HV000001: Hibernate Validator 5.3.5.Final
15:09:42.294 [main] INFO  o.s.b.c.e.t.TomcatEmbeddedServletContainer - Tomcat initialized with port(s): 447 (https) 6061 (http)
15:09:42.302 [main] INFO  o.a.catalina.core.StandardService - Starting service [Tomcat]
15:09:42.303 [main] INFO  o.a.catalina.core.StandardEngine - Starting Servlet Engine: Apache Tomcat/8.5.16
15:09:42.395 [localhost-startStop-1] INFO  o.a.c.c.C.[Tomcat].[localhost].[/] - Initializing Spring embedded WebApplicationContext
15:09:42.395 [localhost-startStop-1] INFO  o.s.web.context.ContextLoader - Root WebApplicationContext: initialization completed in 1749 ms
15:09:42.464 [localhost-startStop-1] INFO  o.s.b.w.s.ServletRegistrationBean - Mapping servlet: 'dispatcherServlet' to [/]
15:09:42.466 [localhost-startStop-1] INFO  o.s.b.w.s.FilterRegistrationBean - Mapping filter: 'characterEncodingFilter' to: [/*]
15:09:42.466 [localhost-startStop-1] INFO  o.s.b.w.s.FilterRegistrationBean - Mapping filter: 'hiddenHttpMethodFilter' to: [/*]
15:09:42.466 [localhost-startStop-1] INFO  o.s.b.w.s.FilterRegistrationBean - Mapping filter: 'httpPutFormContentFilter' to: [/*]
15:09:42.466 [localhost-startStop-1] INFO  o.s.b.w.s.FilterRegistrationBean - Mapping filter: 'requestContextFilter' to: [/*]
15:09:42.559 [MLog-Init-Reporter] INFO  com.mchange.v2.log.MLog - MLog clients using slf4j logging.
15:09:42.590 [main] INFO  com.mchange.v2.c3p0.C3P0Registry - Initializing c3p0-0.9.5 [built 02-January-2015 13:25:04 -0500; debug? true; trace: 10]
15:09:43.009 [main] INFO  o.s.w.s.m.m.a.RequestMappingHandlerAdapter - Looking for @ControllerAdvice: org.springframework.boot.context.embedded.AnnotationConfigEmbeddedWebApplicationContext@780cb77: startup date [Wed Apr 24 15:09:40 CST 2019]; root of context hierarchy
15:09:43.044 [main] INFO  o.s.w.s.m.m.a.RequestMappingHandlerMapping - Mapped "{[/fxrest/v5/upgradePackage/downloadPackage/{packageName}/{productType}],methods=[GET]}" onto public void com.fxdigital.controller.DownloadController.getAllPackageInfosForPage(java.lang.String,java.lang.String,javax.servlet.http.HttpServletRequest,javax.servlet.http.HttpServletResponse)
15:09:43.045 [main] INFO  o.s.w.s.m.m.a.RequestMappingHandlerMapping - Mapped "{[/fxrest/v5/upgradePackage/packages],methods=[POST]}" onto public java.lang.String com.fxdigital.controller.MainController.getAllPackageInfosForPage(java.util.Map<java.lang.String, java.lang.Object>)
15:09:43.046 [main] INFO  o.s.w.s.m.m.a.RequestMappingHandlerMapping - Mapped "{[/fxrest/v5/upgradePackage/getProductionTypes],methods=[GET]}" onto public java.util.List<com.fxdigital.bean.ProductType> com.fxdigital.controller.MainController.getProductionTypes()
15:09:43.046 [main] INFO  o.s.w.s.m.m.a.RequestMappingHandlerMapping - Mapped "{[/fxrest/v5/upgradePackage/packages/{productType}],methods=[POST]}" onto public java.lang.String com.fxdigital.controller.MainController.getPackageInfosByProductType(java.util.Map<java.lang.String, java.lang.Object>,java.lang.String)
15:09:43.046 [main] INFO  o.s.w.s.m.m.a.RequestMappingHandlerMapping - Mapped "{[/fxrest/v5/upgradePackage/packages/{productType}/{versionNum}],methods=[POST]}" onto public java.lang.String com.fxdigital.controller.MainController.deletePackageInfo(java.util.Map<java.lang.String, java.lang.Object>,java.lang.String,java.lang.String)
15:09:43.046 [main] INFO  o.s.w.s.m.m.a.RequestMappingHandlerMapping - Mapped "{[/fxrest/v5/upgradePackage/UpgradePackageUpload/{obj}],methods=[POST]}" onto public java.lang.String com.fxdigital.controller.MainController.UpgradePackageUpload(org.springframework.web.multipart.MultipartFile,java.lang.String)
15:09:43.047 [main] INFO  o.s.w.s.m.m.a.RequestMappingHandlerMapping - Mapped "{[/error]}" onto public org.springframework.http.ResponseEntity<java.util.Map<java.lang.String, java.lang.Object>> org.springframework.boot.autoconfigure.web.BasicErrorController.error(javax.servlet.http.HttpServletRequest)
15:09:43.047 [main] INFO  o.s.w.s.m.m.a.RequestMappingHandlerMapping - Mapped "{[/error],produces=[text/html]}" onto public org.springframework.web.servlet.ModelAndView org.springframework.boot.autoconfigure.web.BasicErrorController.errorHtml(javax.servlet.http.HttpServletRequest,javax.servlet.http.HttpServletResponse)
15:09:43.065 [main] INFO  o.s.w.s.h.SimpleUrlHandlerMapping - Mapped URL path [/webjars/**] onto handler of type [class org.springframework.web.servlet.resource.ResourceHttpRequestHandler]
15:09:43.065 [main] INFO  o.s.w.s.h.SimpleUrlHandlerMapping - Mapped URL path [/**] onto handler of type [class org.springframework.web.servlet.resource.ResourceHttpRequestHandler]
15:09:43.088 [main] INFO  o.s.w.s.h.SimpleUrlHandlerMapping - Mapped URL path [/**/favicon.ico] onto handler of type [class org.springframework.web.servlet.resource.ResourceHttpRequestHandler]
15:09:43.100 [main] INFO  o.s.b.a.w.WebMvcAutoConfiguration$WelcomePageHandlerMapping - Adding welcome page: class path resource [static/index.html]
15:09:43.196 [main] INFO  o.s.j.e.a.AnnotationMBeanExporter - Registering beans for JMX exposure on startup
15:09:43.207 [main] INFO  o.a.coyote.http11.Http11NioProtocol - Initializing ProtocolHandler ["https-jsse-nio-447"]
15:09:43.214 [main] INFO  o.a.coyote.http11.Http11NioProtocol - Starting ProtocolHandler ["https-jsse-nio-447"]
15:09:43.526 [main] INFO  o.a.tomcat.util.net.NioSelectorPool - Using a shared selector for servlet write/read
15:09:43.537 [main] INFO  o.a.coyote.http11.Http11NioProtocol - Initializing ProtocolHandler ["http-nio-6061"]
15:09:43.538 [main] INFO  o.a.tomcat.util.net.NioSelectorPool - Using a shared selector for servlet write/read
15:09:43.539 [main] INFO  o.a.coyote.http11.Http11NioProtocol - Starting ProtocolHandler ["http-nio-6061"]
15:09:43.546 [main] INFO  o.s.b.c.e.t.TomcatEmbeddedServletContainer - Tomcat started on port(s): 447 (https) 6061 (http)
15:09:43.563 [main] INFO  com.fxdigital.Application - Started Application in 3.228 seconds (JVM running for 5.117)
15:10:08.048 [https-jsse-nio-447-exec-4] INFO  o.a.c.c.C.[Tomcat].[localhost].[/] - Initializing Spring FrameworkServlet 'dispatcherServlet'
15:10:08.048 [https-jsse-nio-447-exec-4] INFO  o.s.web.servlet.DispatcherServlet - FrameworkServlet 'dispatcherServlet': initialization started
15:10:08.076 [https-jsse-nio-447-exec-4] INFO  o.s.web.servlet.DispatcherServlet - FrameworkServlet 'dispatcherServlet': initialization completed in 28 ms
15:10:21.316 [https-jsse-nio-447-exec-10] INFO  c.f.controller.MainController - 请求获取所有产品类型信息
15:10:21.316 [https-jsse-nio-447-exec-10] INFO  c.f.service.impl.MainServiceImpl - 【主服务】==进入获取所有设备类型的服务
15:10:21.342 [https-jsse-nio-447-exec-10] INFO  c.f.d.impl.UpgradePackageInfoDaoImpl - 查询所有的设备类型sql=select typeCode,typeName from VIMS.DICT_PRODUCTTYPE_TAB
15:10:21.597 [https-jsse-nio-447-exec-10] INFO  c.m.v.c.i.AbstractPoolBackedDataSource - Initializing c3p0 pool... com.mchange.v2.c3p0.ComboPooledDataSource [ acquireIncrement -> 3, acquireRetryAttempts -> 30, acquireRetryDelay -> 1000, autoCommitOnClose -> false, automaticTestTable -> null, breakAfterAcquireFailure -> false, checkoutTimeout -> 0, connectionCustomizerClassName -> null, connectionTesterClassName -> com.mchange.v2.c3p0.impl.DefaultConnectionTester, contextClassLoaderSource -> caller, dataSourceName -> 1hge1t1a2lowlkm14zgdia|2a76b80a, debugUnreturnedConnectionStackTraces -> false, description -> null, driverClass -> dm.jdbc.driver.DmDriver, extensions -> {}, factoryClassLocation -> null, forceIgnoreUnresolvedTransactions -> false, forceUseNamedDriverClass -> false, identityToken -> 1hge1t1a2lowlkm14zgdia|2a76b80a, idleConnectionTestPeriod -> 0, initialPoolSize -> 3, jdbcUrl -> jdbc:dm://192.168.10.111:5236/vims, maxAdministrativeTaskTime -> 0, maxConnectionAge -> 0, maxIdleTime -> 600, maxIdleTimeExcessConnections -> 0, maxPoolSize -> 3, maxStatements -> 0, maxStatementsPerConnection -> 0, minPoolSize -> 0, numHelperThreads -> 3, preferredTestQuery -> null, privilegeSpawnedThreads -> false, properties -> {user=******, password=******}, propertyCycle -> 0, statementCacheNumDeferredCloseThreads -> 0, testConnectionOnCheckin -> false, testConnectionOnCheckout -> false, unreturnedConnectionTimeout -> 0, userOverrides -> {}, usesTraditionalReflectiveProxies -> false ]
15:10:21.598 [https-jsse-nio-447-exec-3] INFO  c.f.controller.MainController - 请求获取表格显示需要内容==pageSize5;pageIndex=1
15:10:21.598 [https-jsse-nio-447-exec-3] INFO  c.f.service.impl.MainServiceImpl - 【主服务】==进入获取分页数据的服务
15:10:21.598 [https-jsse-nio-447-exec-3] INFO  c.f.d.impl.UpgradePackageInfoDaoImpl - 查询所有的升级包信息sql=select a.typeName as productType,b.versionNum,b.packageSize,b.packageName,b.uploadPath,b.uploadTime,b.downloadTimes,b.packageDesc,b.versionDesc from VIMS.UPGRADE_PACKAGE_INFO as b,VIMS.DICT_PRODUCTTYPE_TAB as a where a.typeCode=b.productType
15:10:21.968 [https-jsse-nio-447-exec-3] INFO  c.f.d.impl.UpgradePackageInfoDaoImpl - 查询分页升级包信息sql=select a.typeName as productType,b.versionNum,b.packageSize,b.packageName,b.uploadPath,b.uploadTime,b.downloadTimes,b.packageDesc,b.versionDesc from VIMS.UPGRADE_PACKAGE_INFO as b,VIMS.DICT_PRODUCTTYPE_TAB as a where a.typeCode=b.productType limit 0,5
15:10:21.968 [https-jsse-nio-447-exec-10] INFO  c.f.service.impl.MainServiceImpl - 【主服务】==进入获取所有设备类型的服务：[com.fxdigital.bean.ProductType@4fc1b8e7, com.fxdigital.bean.ProductType@3012277d, com.fxdigital.bean.ProductType@5c638f5f, com.fxdigital.bean.ProductType@18bb2a25, com.fxdigital.bean.ProductType@5affaf55, com.fxdigital.bean.ProductType@7b7742b8, com.fxdigital.bean.ProductType@3b2e33fe, com.fxdigital.bean.ProductType@7a05ccbc]
15:10:22.121 [https-jsse-nio-447-exec-3] INFO  c.f.service.impl.MainServiceImpl - 【主服务】==分页数据={"rows":[],"total":0}
15:11:03.043 [https-jsse-nio-447-exec-10] INFO  c.f.controller.MainController - 请求获取所有产品类型信息
15:11:03.043 [https-jsse-nio-447-exec-10] INFO  c.f.service.impl.MainServiceImpl - 【主服务】==进入获取所有设备类型的服务
15:11:03.043 [https-jsse-nio-447-exec-10] INFO  c.f.d.impl.UpgradePackageInfoDaoImpl - 查询所有的设备类型sql=select typeCode,typeName from VIMS.DICT_PRODUCTTYPE_TAB
15:11:03.049 [https-jsse-nio-447-exec-10] INFO  c.f.service.impl.MainServiceImpl - 【主服务】==进入获取所有设备类型的服务：[com.fxdigital.bean.ProductType@137b7daa, com.fxdigital.bean.ProductType@5427956c, com.fxdigital.bean.ProductType@32b8af83, com.fxdigital.bean.ProductType@392f9c5f, com.fxdigital.bean.ProductType@71f120fd, com.fxdigital.bean.ProductType@1915575a, com.fxdigital.bean.ProductType@6e26274c, com.fxdigital.bean.ProductType@2bae93b3]
15:11:03.078 [https-jsse-nio-447-exec-9] INFO  c.f.controller.MainController - 请求按产品类型查询升级包信息,productType:IPVT-01,pageSize:5,pageIndex:1
15:11:03.078 [https-jsse-nio-447-exec-9] INFO  c.f.service.impl.MainServiceImpl - 【主服务】==进入根据设备类型获取分页数据的服务
15:11:03.078 [https-jsse-nio-447-exec-9] INFO  c.f.d.impl.UpgradePackageInfoDaoImpl - 查询某个设备类型所有升级包信息sql=select a.typeName as productType,b.versionNum,b.packageSize,b.packageName,b.uploadPath,b.uploadTime,b.downloadTimes,b.packageDesc,b.versionDesc from VIMS.UPGRADE_PACKAGE_INFO as b,VIMS.DICT_PRODUCTTYPE_TAB as a where a.typeCode=b.productType and b.productType=?
15:11:03.130 [https-jsse-nio-447-exec-9] INFO  c.f.d.impl.UpgradePackageInfoDaoImpl - 查询某个设备类型分页升级包信息sql=select a.typeName as productType,b.versionNum,b.packageSize,b.packageName,b.uploadPath,b.uploadTime,b.downloadTimes,b.packageDesc,b.versionDesc from VIMS.UPGRADE_PACKAGE_INFO as b,VIMS.DICT_PRODUCTTYPE_TAB as a where a.typeCode=b.productType and b.productType=? limit 0,5
15:11:03.151 [https-jsse-nio-447-exec-9] INFO  c.f.service.impl.MainServiceImpl - 【主服务】==根据设备类型获取分页数据={"rows":[],"total":0}
15:12:19.519 [https-jsse-nio-447-exec-1] INFO  c.f.controller.MainController - 请求获取所有产品类型信息
15:12:19.519 [https-jsse-nio-447-exec-1] INFO  c.f.service.impl.MainServiceImpl - 【主服务】==进入获取所有设备类型的服务
15:12:19.519 [https-jsse-nio-447-exec-1] INFO  c.f.d.impl.UpgradePackageInfoDaoImpl - 查询所有的设备类型sql=select typeCode,typeName from VIMS.DICT_PRODUCTTYPE_TAB
15:12:19.527 [https-jsse-nio-447-exec-1] INFO  c.f.service.impl.MainServiceImpl - 【主服务】==进入获取所有设备类型的服务：[com.fxdigital.bean.ProductType@3c9b792c, com.fxdigital.bean.ProductType@3c53aa7a, com.fxdigital.bean.ProductType@b4c740c, com.fxdigital.bean.ProductType@118cbe1d, com.fxdigital.bean.ProductType@76b9f719, com.fxdigital.bean.ProductType@579883ce, com.fxdigital.bean.ProductType@3f1c7125, com.fxdigital.bean.ProductType@4b145c8d]
15:12:19.547 [https-jsse-nio-447-exec-3] INFO  c.f.controller.MainController - 请求按产品类型查询升级包信息,productType:IPVT-01,pageSize:5,pageIndex:1
15:12:19.547 [https-jsse-nio-447-exec-3] INFO  c.f.service.impl.MainServiceImpl - 【主服务】==进入根据设备类型获取分页数据的服务
15:12:19.548 [https-jsse-nio-447-exec-3] INFO  c.f.d.impl.UpgradePackageInfoDaoImpl - 查询某个设备类型所有升级包信息sql=select a.typeName as productType,b.versionNum,b.packageSize,b.packageName,b.uploadPath,b.uploadTime,b.downloadTimes,b.packageDesc,b.versionDesc from VIMS.UPGRADE_PACKAGE_INFO as b,VIMS.DICT_PRODUCTTYPE_TAB as a where a.typeCode=b.productType and b.productType=?
15:12:19.573 [https-jsse-nio-447-exec-3] INFO  c.f.d.impl.UpgradePackageInfoDaoImpl - 查询某个设备类型分页升级包信息sql=select a.typeName as productType,b.versionNum,b.packageSize,b.packageName,b.uploadPath,b.uploadTime,b.downloadTimes,b.packageDesc,b.versionDesc from VIMS.UPGRADE_PACKAGE_INFO as b,VIMS.DICT_PRODUCTTYPE_TAB as a where a.typeCode=b.productType and b.productType=? limit 0,5
15:12:19.596 [https-jsse-nio-447-exec-3] INFO  c.f.service.impl.MainServiceImpl - 【主服务】==根据设备类型获取分页数据={"rows":[],"total":0}
